<?xml version="1.0" encoding="UTF-8"?>
<!-- Generated by org.testng.reporters.JUnitReportReporter -->
<testsuite hostname="MSI" failures="0" tests="1" name="testCases.AccountRegistrationTest" time="2.898" errors="0" timestamp="2024-09-18T12:13:19 IST" skipped="0">
  <testcase classname="testCases.AccountRegistrationTest" name="verify_account_registration" time="2.898"/>
</testsuite> <!-- testCases.AccountRegistrationTest -->
